c:\users\julen\desktop\bakailao mendekua\release\bakailao mendekua.lib
c:\users\julen\desktop\bakailao mendekua\release\bakailao mendekua.exp
c:\users\julen\desktop\bakailao mendekua\bakailao mendekua\release\vc143.pdb
c:\users\julen\desktop\bakailao mendekua\bakailao mendekua\release\powerup.obj
c:\users\julen\desktop\bakailao mendekua\bakailao mendekua\release\pantailaaldatu.obj
c:\users\julen\desktop\bakailao mendekua\bakailao mendekua\release\mugikorra.obj
c:\users\julen\desktop\bakailao mendekua\bakailao mendekua\release\nibelkolisioak.obj
c:\users\julen\desktop\bakailao mendekua\bakailao mendekua\release\mugimendua.obj
c:\users\julen\desktop\bakailao mendekua\bakailao mendekua\release\hasierakomenua.obj
c:\users\julen\desktop\bakailao mendekua\bakailao mendekua\release\hasiera.obj
c:\users\julen\desktop\bakailao mendekua\bakailao mendekua\release\galdupantaila.obj
c:\users\julen\desktop\bakailao mendekua\bakailao mendekua\release\finalak.obj
c:\users\julen\desktop\bakailao mendekua\bakailao mendekua\release\egunkaria.obj
c:\users\julen\desktop\bakailao mendekua\bakailao mendekua\release\combate.obj
c:\users\julen\desktop\bakailao mendekua\bakailao mendekua\release\text.obj
c:\users\julen\desktop\bakailao mendekua\bakailao mendekua\release\soinua.obj
c:\users\julen\desktop\bakailao mendekua\bakailao mendekua\release\imagen.obj
c:\users\julen\desktop\bakailao mendekua\bakailao mendekua\release\graphics.obj
c:\users\julen\desktop\bakailao mendekua\bakailao mendekua\release\ebentoak.obj
c:\users\julen\desktop\bakailao mendekua\release\bakailao mendekua.exe
c:\users\julen\desktop\bakailao mendekua\release\bakailao mendekua.pdb
c:\users\julen\desktop\bakailao mendekua\bakailao mendekua\release\bakailao.04ac65fd.tlog\bakailao mendekua.write.1u.tlog
c:\users\julen\desktop\bakailao mendekua\bakailao mendekua\release\bakailao.04ac65fd.tlog\cl.command.1.tlog
c:\users\julen\desktop\bakailao mendekua\bakailao mendekua\release\bakailao.04ac65fd.tlog\cl.read.1.tlog
c:\users\julen\desktop\bakailao mendekua\bakailao mendekua\release\bakailao.04ac65fd.tlog\cl.write.1.tlog
c:\users\julen\desktop\bakailao mendekua\bakailao mendekua\release\bakailao.04ac65fd.tlog\link.command.1.tlog
c:\users\julen\desktop\bakailao mendekua\bakailao mendekua\release\bakailao.04ac65fd.tlog\link.read.1.tlog
c:\users\julen\desktop\bakailao mendekua\bakailao mendekua\release\bakailao.04ac65fd.tlog\link.write.1.tlog
