c:\users\julen\desktop\bakailao mendekua\debug\bakailao mendekua.lib
c:\users\julen\desktop\bakailao mendekua\debug\bakailao mendekua.exp
c:\users\julen\desktop\bakailao mendekua\bakailao mendekua\debug\vc143.pdb
c:\users\julen\desktop\bakailao mendekua\bakailao mendekua\debug\vc143.idb
c:\users\julen\desktop\bakailao mendekua\bakailao mendekua\debug\powerup.obj
c:\users\julen\desktop\bakailao mendekua\bakailao mendekua\debug\pantailaaldatu.obj
c:\users\julen\desktop\bakailao mendekua\bakailao mendekua\debug\mugikorra.obj
c:\users\julen\desktop\bakailao mendekua\bakailao mendekua\debug\nibelkolisioak.obj
c:\users\julen\desktop\bakailao mendekua\bakailao mendekua\debug\mugimendua.obj
c:\users\julen\desktop\bakailao mendekua\bakailao mendekua\debug\hasierakomenua.obj
c:\users\julen\desktop\bakailao mendekua\bakailao mendekua\debug\hasiera.obj
c:\users\julen\desktop\bakailao mendekua\bakailao mendekua\debug\galdupantaila.obj
c:\users\julen\desktop\bakailao mendekua\bakailao mendekua\debug\finalak.obj
c:\users\julen\desktop\bakailao mendekua\bakailao mendekua\debug\egunkaria.obj
c:\users\julen\desktop\bakailao mendekua\bakailao mendekua\debug\combate.obj
c:\users\julen\desktop\bakailao mendekua\bakailao mendekua\debug\text.obj
c:\users\julen\desktop\bakailao mendekua\bakailao mendekua\debug\soinua.obj
c:\users\julen\desktop\bakailao mendekua\bakailao mendekua\debug\imagen.obj
c:\users\julen\desktop\bakailao mendekua\bakailao mendekua\debug\graphics.obj
c:\users\julen\desktop\bakailao mendekua\bakailao mendekua\debug\ebentoak.obj
c:\users\julen\desktop\bakailao mendekua\bakailao mendekua\debug\bakailao mendekua.ilk
c:\users\julen\desktop\bakailao mendekua\debug\bakailao mendekua.exe
c:\users\julen\desktop\bakailao mendekua\debug\bakailao mendekua.pdb
c:\users\julen\desktop\bakailao mendekua\bakailao mendekua\debug\bakailao.04ac65fd.tlog\bakailao mendekua.write.1u.tlog
c:\users\julen\desktop\bakailao mendekua\bakailao mendekua\debug\bakailao.04ac65fd.tlog\cl.command.1.tlog
c:\users\julen\desktop\bakailao mendekua\bakailao mendekua\debug\bakailao.04ac65fd.tlog\cl.read.1.tlog
c:\users\julen\desktop\bakailao mendekua\bakailao mendekua\debug\bakailao.04ac65fd.tlog\cl.write.1.tlog
c:\users\julen\desktop\bakailao mendekua\bakailao mendekua\debug\bakailao.04ac65fd.tlog\link.command.1.tlog
c:\users\julen\desktop\bakailao mendekua\bakailao mendekua\debug\bakailao.04ac65fd.tlog\link.read.1.tlog
c:\users\julen\desktop\bakailao mendekua\bakailao mendekua\debug\bakailao.04ac65fd.tlog\link.write.1.tlog
