C:\Program Files\Microsoft Visual Studio\2022\Community\MSBuild\Microsoft\VC\v170\Microsoft.CppBuild.targets(534,5): warning MSB8028: El directorio intermedio (x64\Debug\) contiene archivos compartidos de otro proyecto (01simpleStaticDemo.vcxproj). Esto puede dar lugar a un comportamiento incorrecto de limpieza y recompilación.
  ebentoak.c
C:\Users\julen\Desktop\Bakailao mendekua\simpleSdlWrapper\ebentoak.h(3,10): fatal  error C1083: No se puede abrir el archivo incluir: 'SDL.h': No such file or directory
  graphics.c
C:\Users\julen\Desktop\Bakailao mendekua\simpleSdlWrapper\graphics.c(8,10): fatal  error C1083: No se puede abrir el archivo incluir: 'SDL_ttf.h': No such file or directory
  imagen.c
C:\Users\julen\Desktop\Bakailao mendekua\simpleSdlWrapper\imagen.c(1,10): fatal  error C1083: No se puede abrir el archivo incluir: 'SDL.h': No such file or directory
  soinua.c
C:\Users\julen\Desktop\Bakailao mendekua\simpleSdlWrapper\soinua.h(6,10): fatal  error C1083: No se puede abrir el archivo incluir: 'SDL_mixer.h': No such file or directory
  text.c
C:\Users\julen\Desktop\Bakailao mendekua\simpleSdlWrapper\text.c(2,10): fatal  error C1083: No se puede abrir el archivo incluir: 'SDL_TTF.h': No such file or directory
  Egunkaria.c
C:\Users\julen\Desktop\Bakailao mendekua\01simpleStaticDemo\Egunkaria.c(2,10): fatal  error C1083: No se puede abrir el archivo incluir: 'ebentoak.h': No such file or directory
  Hasiera.c
C:\Users\julen\Desktop\Bakailao mendekua\01simpleStaticDemo\Hasiera.c(1,10): fatal  error C1083: No se puede abrir el archivo incluir: 'graphics.h': No such file or directory
  Mugimendua.c
C:\Users\julen\Desktop\Bakailao mendekua\01simpleStaticDemo\Mugimendua.h(3,10): fatal  error C1083: No se puede abrir el archivo incluir: 'SDL.h': No such file or directory
  NibelKolisioak.c
C:\Users\julen\Desktop\Bakailao mendekua\01simpleStaticDemo\NibelKolisioak.c(1,10): fatal  error C1083: No se puede abrir el archivo incluir: 'graphics.h': No such file or directory
  Generando código...
